[debug] [2020-11-27T07:57:10.688Z] ----------------------------------------------------------------------
[debug] [2020-11-27T07:57:10.690Z] Command:       C:\Program Files\nodejs\node.exe C:\Users\Thiru Senthil\AppData\Roaming\npm\node_modules\firebase-tools\lib\bin\firebase.js init
[debug] [2020-11-27T07:57:10.690Z] CLI Version:   8.12.1
[debug] [2020-11-27T07:57:10.690Z] Platform:      win32
[debug] [2020-11-27T07:57:10.691Z] Node Version:  v12.18.2
[debug] [2020-11-27T07:57:10.696Z] Time:          Fri Nov 27 2020 13:27:10 GMT+0530 (India Standard Time)
[debug] [2020-11-27T07:57:10.698Z] ----------------------------------------------------------------------
[debug] [2020-11-27T07:57:10.698Z] 
[debug] [2020-11-27T07:57:10.714Z] > command requires scopes: ["email","openid","https://www.googleapis.com/auth/cloudplatformprojects.readonly","https://www.googleapis.com/auth/firebase","https://www.googleapis.com/auth/cloud-platform"]
[debug] [2020-11-27T07:57:10.715Z] > authorizing via signed-in user
[info] 
     ######## #### ########  ######## ########     ###     ######  ########
     ##        ##  ##     ## ##       ##     ##  ##   ##  ##       ##
     ######    ##  ########  ######   ########  #########  ######  ######
     ##        ##  ##    ##  ##       ##     ## ##     ##       ## ##
     ##       #### ##     ## ######## ########  ##     ##  ######  ########

You're about to initialize a Firebase project in this directory:

  C:\Enigma\wildfire-tracker

Before we get started, keep in mind:

  * You are currently outside your home directory

[debug] [2020-11-27T07:57:18.675Z] ----------------------------------------------------------------------
[debug] [2020-11-27T07:57:18.677Z] Command:       C:\Program Files\nodejs\node.exe C:\Users\Thiru Senthil\AppData\Roaming\npm\node_modules\firebase-tools\lib\bin\firebase.js init
[debug] [2020-11-27T07:57:18.678Z] CLI Version:   8.12.1
[debug] [2020-11-27T07:57:18.678Z] Platform:      win32
[debug] [2020-11-27T07:57:18.678Z] Node Version:  v12.18.2
[debug] [2020-11-27T07:57:18.679Z] Time:          Fri Nov 27 2020 13:27:18 GMT+0530 (India Standard Time)
[debug] [2020-11-27T07:57:18.679Z] ----------------------------------------------------------------------
[debug] [2020-11-27T07:57:18.679Z] 
[debug] [2020-11-27T07:57:18.684Z] > command requires scopes: ["email","openid","https://www.googleapis.com/auth/cloudplatformprojects.readonly","https://www.googleapis.com/auth/firebase","https://www.googleapis.com/auth/cloud-platform"]
[debug] [2020-11-27T07:57:18.685Z] > authorizing via signed-in user
[info] 
     ######## #### ########  ######## ########     ###     ######  ########
     ##        ##  ##     ## ##       ##     ##  ##   ##  ##       ##
     ######    ##  ########  ######   ########  #########  ######  ######
     ##        ##  ##    ##  ##       ##     ## ##     ##       ## ##
     ##       #### ##     ## ######## ########  ##     ##  ######  ########

You're about to initialize a Firebase project in this directory:

  C:\Enigma\wildfire-tracker

Before we get started, keep in mind:

  * You are currently outside your home directory

[info] 
=== Project Setup
[info] 
[info] First, let's associate this project directory with a Firebase project.
[info] You can create multiple project aliases by running firebase use --add, 
[info] but for now we'll just set up a default project.
[info] 
[info] i  If you want to create a project in a Google Cloud organization or folder, please use "firebase projects:create" instead, and return to this command when you've created the project. 
